d:\oscilloscope\project\oscilloscope\graphic\build\debug\obj\halsdl2_icon.obj
d:\oscilloscope\project\oscilloscope\graphic\build\debug\obj\customlistelement.obj
d:\oscilloscope\project\oscilloscope\graphic\build\debug\obj\marker.obj
d:\oscilloscope\project\oscilloscope\graphic\build\debug\obj\main.obj
d:\oscilloscope\project\oscilloscope\graphic\build\debug\obj\oswrappers.obj
d:\oscilloscope\project\oscilloscope\graphic\build\debug\obj\channelcontrolpanel.obj
d:\oscilloscope\project\oscilloscope\graphic\build\debug\obj\triggerline.obj
d:\oscilloscope\project\oscilloscope\graphic\build\debug\obj\model.obj
d:\oscilloscope\project\oscilloscope\graphic\build\debug\obj\sdl2touchcontroller.obj
d:\oscilloscope\project\oscilloscope\graphic\build\debug\obj\frontendapplication.obj
d:\oscilloscope\project\oscilloscope\graphic\build\debug\obj\mainpresenter.obj
d:\oscilloscope\project\oscilloscope\graphic\build\debug\obj\halsdl2.obj
d:\oscilloscope\project\oscilloscope\graphic\build\debug\obj\graph.obj
d:\oscilloscope\project\oscilloscope\graphic\build\debug\obj\mainview.obj
d:\oscilloscope\project\oscilloscope\graphic\build\debug\obj\vc142.pdb
d:\oscilloscope\project\oscilloscope\graphic\build\debug\obj\applicationfontprovider.obj
d:\oscilloscope\project\oscilloscope\graphic\build\debug\obj\applicationfontprovider.asm
d:\oscilloscope\project\oscilloscope\graphic\build\debug\obj\arrow.obj
d:\oscilloscope\project\oscilloscope\graphic\build\debug\obj\arrow.asm
d:\oscilloscope\project\oscilloscope\graphic\build\debug\obj\sideslidebutton.obj
d:\oscilloscope\project\oscilloscope\graphic\build\debug\obj\sideslidebutton.asm
d:\oscilloscope\project\oscilloscope\graphic\build\debug\obj\text_background.obj
d:\oscilloscope\project\oscilloscope\graphic\build\debug\obj\text_background.asm
d:\oscilloscope\project\oscilloscope\graphic\build\debug\obj\vchncontrolbuttonon.obj
d:\oscilloscope\project\oscilloscope\graphic\build\debug\obj\vchncontrolbuttonon.asm
d:\oscilloscope\project\oscilloscope\graphic\build\debug\obj\bitmapdatabase.obj
d:\oscilloscope\project\oscilloscope\graphic\build\debug\obj\bitmapdatabase.asm
d:\oscilloscope\project\oscilloscope\graphic\build\debug\obj\buttonupoff.obj
d:\oscilloscope\project\oscilloscope\graphic\build\debug\obj\buttonupoff.asm
d:\oscilloscope\project\oscilloscope\graphic\build\debug\obj\button_background.obj
d:\oscilloscope\project\oscilloscope\graphic\build\debug\obj\button_background.asm
d:\oscilloscope\project\oscilloscope\graphic\build\debug\obj\chncontrolbuttonoff.obj
d:\oscilloscope\project\oscilloscope\graphic\build\debug\obj\chncontrolbuttonoff.asm
d:\oscilloscope\project\oscilloscope\graphic\build\debug\obj\controlpanel.obj
d:\oscilloscope\project\oscilloscope\graphic\build\debug\obj\controlpanel.asm
d:\oscilloscope\project\oscilloscope\graphic\build\debug\obj\edgeup.obj
d:\oscilloscope\project\oscilloscope\graphic\build\debug\obj\edgeup.asm
d:\oscilloscope\project\oscilloscope\graphic\build\debug\obj\leftbuttonunpress.obj
d:\oscilloscope\project\oscilloscope\graphic\build\debug\obj\leftbuttonunpress.asm
d:\oscilloscope\project\oscilloscope\graphic\build\debug\obj\rightbuttonpress.obj
d:\oscilloscope\project\oscilloscope\graphic\build\debug\obj\rightbuttonpress.asm
d:\oscilloscope\project\oscilloscope\graphic\build\debug\obj\slidemenu.obj
d:\oscilloscope\project\oscilloscope\graphic\build\debug\obj\slidemenu.asm
d:\oscilloscope\project\oscilloscope\graphic\build\debug\obj\typedtextdatabase.obj
d:\oscilloscope\project\oscilloscope\graphic\build\debug\obj\typedtextdatabase.asm
d:\oscilloscope\project\oscilloscope\graphic\build\debug\obj\buttondownoff.obj
d:\oscilloscope\project\oscilloscope\graphic\build\debug\obj\buttondownoff.asm
d:\oscilloscope\project\oscilloscope\graphic\build\debug\obj\buttondownon.obj
d:\oscilloscope\project\oscilloscope\graphic\build\debug\obj\buttondownon.asm
d:\oscilloscope\project\oscilloscope\graphic\build\debug\obj\buttonupon.obj
d:\oscilloscope\project\oscilloscope\graphic\build\debug\obj\buttonupon.asm
d:\oscilloscope\project\oscilloscope\graphic\build\debug\obj\channelinfo.obj
d:\oscilloscope\project\oscilloscope\graphic\build\debug\obj\channelinfo.asm
d:\oscilloscope\project\oscilloscope\graphic\build\debug\obj\channelinfo_ch2.obj
d:\oscilloscope\project\oscilloscope\graphic\build\debug\obj\channelinfo_ch2.asm
d:\oscilloscope\project\oscilloscope\graphic\build\debug\obj\chncontrolbuttonon.obj
d:\oscilloscope\project\oscilloscope\graphic\build\debug\obj\chncontrolbuttonon.asm
d:\oscilloscope\project\oscilloscope\graphic\build\debug\obj\counterbox.obj
d:\oscilloscope\project\oscilloscope\graphic\build\debug\obj\counterbox.asm
d:\oscilloscope\project\oscilloscope\graphic\build\debug\obj\direction_background.obj
d:\oscilloscope\project\oscilloscope\graphic\build\debug\obj\direction_background.asm
d:\oscilloscope\project\oscilloscope\graphic\build\debug\obj\edgedown.obj
d:\oscilloscope\project\oscilloscope\graphic\build\debug\obj\edgedown.asm
d:\oscilloscope\project\oscilloscope\graphic\build\debug\obj\leftbuttonpress.obj
d:\oscilloscope\project\oscilloscope\graphic\build\debug\obj\leftbuttonpress.asm
d:\oscilloscope\project\oscilloscope\graphic\build\debug\obj\ozibackground.obj
d:\oscilloscope\project\oscilloscope\graphic\build\debug\obj\ozibackground.asm
d:\oscilloscope\project\oscilloscope\graphic\build\debug\obj\appbackground.obj
d:\oscilloscope\project\oscilloscope\graphic\build\debug\obj\appbackground.asm
d:\oscilloscope\project\oscilloscope\graphic\build\debug\obj\rightbuttonunpress.obj
d:\oscilloscope\project\oscilloscope\graphic\build\debug\obj\rightbuttonunpress.asm
d:\oscilloscope\project\oscilloscope\graphic\build\debug\obj\sideslidebutton_press.obj
d:\oscilloscope\project\oscilloscope\graphic\build\debug\obj\sideslidebutton_press.asm
d:\oscilloscope\project\oscilloscope\graphic\build\debug\obj\vchncontrolbuttonoff.obj
d:\oscilloscope\project\oscilloscope\graphic\build\debug\obj\vchncontrolbuttonoff.asm
d:\oscilloscope\project\oscilloscope\graphic\build\debug\obj\languagegb.obj
d:\oscilloscope\project\oscilloscope\graphic\build\debug\obj\languagegb.asm
d:\oscilloscope\project\oscilloscope\graphic\build\debug\obj\vc142.idb
d:\oscilloscope\project\oscilloscope\graphic\build\debug\obj\application.tlog\cl.11928.write.1.tlog
d:\oscilloscope\project\oscilloscope\graphic\build\debug\obj\application.tlog\cl.command.1.tlog
d:\oscilloscope\project\oscilloscope\graphic\build\debug\obj\application.tlog\cl.read.1.tlog
